<?xml version="1.0" encoding="UTF-8"?>
<testsuites name="Scripts" time="0.212" tests="1" failures="0" errors="1">
   <testsuite name="Scripts" tests="1" failures="0" errors="1" time="0.212" skipped="0" timestamp="2023-05-30 16:14:14" hostname="ymane - SDET-YMANE.dc2.propsol.org" id="Test Suites/Scripts">
      <properties>
         <property name="deviceName" value=""/>
         <property name="devicePlatform" value=""/>
         <property name="logFolder" value="C:\\Users\\ymane\\git\\KatalonAPI\\Reports\\20230530_161413\\Scripts\\20230530_161413"/>
         <property name="logFiles" value="C:\\Users\\ymane\\git\\KatalonAPI\\Reports\\20230530_161413\\Scripts\\20230530_161413\\execution0.log"/>
         <property name="attachments" value=""/>
         <property name="hostName" value="ymane - SDET-YMANE.dc2.propsol.org"/>
         <property name="hostAddress" value="192.168.0.104"/>
         <property name="os" value="Windows 10 64bit"/>
         <property name="katalonVersion" value="8.6.0.208"/>
      </properties>
      <testcase name="Test Cases/Script" time="0.002" classname="Test Cases/Script" status="ERROR">
         <error type="ERROR" message="Test Cases/Script has ERROR(s).
Reason:
java.io.FileNotFoundException: File '' does not exist"/>
         <system-out><![CDATA[2023-05-30 16:14:14 - [TEST_CASE][ERROR] - Test Cases/Script: Test Cases/Script has ERROR(s).
Reason:
java.io.FileNotFoundException: File '' does not exist]]></system-out>
         <system-err><![CDATA[2023-05-30 16:14:14 - [TEST_CASE][ERROR] - Test Cases/Script: Test Cases/Script has ERROR(s).
Reason:
java.io.FileNotFoundException: File '' does not exist]]></system-err>
      </testcase>
      <system-out><![CDATA[2023-05-30 16:14:14 - [TEST_SUITE][ERROR] - Scripts: Test Cases/Script has ERROR(s).
Reason:
java.io.FileNotFoundException: File '' does not exist]]></system-out>
      <system-err><![CDATA[2023-05-30 16:14:14 - [TEST_SUITE][ERROR] - Scripts: Test Cases/Script has ERROR(s).
Reason:
java.io.FileNotFoundException: File '' does not exist]]></system-err>
   </testsuite>
</testsuites>
