<?xml version="1.0" encoding="UTF-8"?>
<testsuites name="Scripts" time="0.411" tests="0" failures="0" errors="0">
   <testsuite name="Scripts" tests="0" failures="0" errors="0" time="0.411" skipped="0" timestamp="2023-05-30 16:13:48" hostname="ymane - SDET-YMANE.dc2.propsol.org" id="Test Suites/Scripts">
      <properties>
         <property name="deviceName" value=""/>
         <property name="devicePlatform" value=""/>
         <property name="logFolder" value="C:\\Users\\ymane\\git\\KatalonAPI\\Reports\\20230530_161342\\Scripts\\20230530_161347"/>
         <property name="logFiles" value="C:\\Users\\ymane\\git\\KatalonAPI\\Reports\\20230530_161342\\Scripts\\20230530_161347\\execution0.log"/>
         <property name="attachments" value=""/>
         <property name="hostName" value="ymane - SDET-YMANE.dc2.propsol.org"/>
         <property name="hostAddress" value="192.168.0.104"/>
         <property name="os" value="Windows 10 64bit"/>
         <property name="katalonVersion" value="8.6.0.208"/>
      </properties>
      <system-out><![CDATA[2023-05-30 16:13:48 - [TEST_SUITE][PASSED] - Scripts: null]]></system-out>
      <system-err><![CDATA[]]></system-err>
   </testsuite>
</testsuites>
