<?xml version="1.0" encoding="UTF-8"?>
<testsuites name="Scripts" time="11.777" tests="1" failures="0" errors="0">
   <testsuite name="Scripts" tests="1" failures="0" errors="0" time="11.777" skipped="0" timestamp="2023-05-30 18:47:21" hostname="ymane - SDET-YMANE.dc2.propsol.org" id="Test Suites/Scripts">
      <properties>
         <property name="deviceName" value=""/>
         <property name="devicePlatform" value=""/>
         <property name="logFolder" value="C:\\Users\\ymane\\git\\KatalonAPI\\Reports\\20230530_184720\\Scripts\\20230530_184720"/>
         <property name="logFiles" value="C:\\Users\\ymane\\git\\KatalonAPI\\Reports\\20230530_184720\\Scripts\\20230530_184720\\execution0.log"/>
         <property name="attachments" value=""/>
         <property name="hostName" value="ymane - SDET-YMANE.dc2.propsol.org"/>
         <property name="hostAddress" value="192.168.0.104"/>
         <property name="os" value="Windows 10 64bit"/>
         <property name="katalonVersion" value="8.6.0.208"/>
      </properties>
      <testcase name="Test Cases/script" time="11.598" classname="Test Cases/script" status="PASSED">
         <system-out><![CDATA[2023-05-30 18:47:21 - [TEST_CASE][PASSED] - Test Cases/script: Test Cases/script

2023-05-30 18:47:22 - [TEST_STEP][PASSED] - callTestCase(findTestCase("BillPaymentProcess"), [:], STOP_ON_FAILURE): Call Test Case 'Test Cases/BillPaymentProcess' successfully

2023-05-30 18:47:22 - [TEST_CASE][PASSED] - Test Cases/BillPaymentProcess: Test Cases/BillPaymentProcess

2023-05-30 18:47:22 - [TEST_STEP][PASSED] - sendRequestAndVerify(findTestObject("RestWebservices/Activate client account")): Send request and verify the response successfully

2023-05-30 18:47:25 - [MESSAGE][INFO] - HAR: C:\Users\ymane\git\KatalonAPI\Reports\20230530_184720\Scripts\20230530_184720\requests\main\0.har

2023-05-30 18:47:25 - [TEST_CASE][PASSED] - Start Test Case : Verification: Verification accomplished successfully

2023-05-30 18:47:25 - [TEST_STEP][PASSED] - request = getInstance().getCurrentRequest(): null

2023-05-30 18:47:25 - [TEST_STEP][PASSED] - response = getInstance().getCurrentResponse(): null

2023-05-30 18:47:25 - [TEST_STEP][PASSED] - verifyResponseStatusCode(response, 200): Verify response status code successfully

2023-05-30 18:47:25 - [MESSAGE][PASSED] - Verify response status code successfully

2023-05-30 18:47:25 - [TEST_STEP][PASSED] - getStatusCode()).isEqualTo(200): null

2023-05-30 18:47:25 - [TEST_STEP][PASSED] - verifyElementPropertyValue(response, "active", true): Verify element property value successfully

2023-05-30 18:47:25 - [MESSAGE][PASSED] - Verify element property value successfully

2023-05-30 18:47:25 - [MESSAGE][PASSED] - Verify response successfully

2023-05-30 18:47:25 - [MESSAGE][PASSED] - All validation steps have been passed

2023-05-30 18:47:25 - [MESSAGE][PASSED] - Send request and verify the response successfully

2023-05-30 18:47:25 - [TEST_STEP][PASSED] - sourceId = sendRequestAndVerify(findTestObject("RestWebservices/Create source account")): Send request and verify the response successfully

2023-05-30 18:47:27 - [MESSAGE][INFO] - HAR: C:\Users\ymane\git\KatalonAPI\Reports\20230530_184720\Scripts\20230530_184720\requests\main\1.har

2023-05-30 18:47:27 - [TEST_CASE][PASSED] - Start Test Case : Verification: Verification accomplished successfully

2023-05-30 18:47:27 - [TEST_STEP][PASSED] - request = getInstance().getCurrentRequest(): null

2023-05-30 18:47:27 - [TEST_STEP][PASSED] - response = getInstance().getCurrentResponse(): null

2023-05-30 18:47:27 - [TEST_STEP][PASSED] - verifyElementPropertyValue(response, "type", "Ach"): Verify element property value successfully

2023-05-30 18:47:27 - [MESSAGE][PASSED] - Verify element property value successfully

2023-05-30 18:47:27 - [TEST_STEP][PASSED] - verifyResponseStatusCode(response, 200): Verify response status code successfully

2023-05-30 18:47:27 - [MESSAGE][PASSED] - Verify response status code successfully

2023-05-30 18:47:27 - [TEST_STEP][PASSED] - getStatusCode()).isEqualTo(200): null

2023-05-30 18:47:27 - [MESSAGE][PASSED] - Verify response successfully

2023-05-30 18:47:27 - [MESSAGE][PASSED] - All validation steps have been passed

2023-05-30 18:47:27 - [MESSAGE][PASSED] - Send request and verify the response successfully

2023-05-30 18:47:27 - [TEST_STEP][PASSED] - slurper = new groovy.json.JsonSlurper(): null

2023-05-30 18:47:27 - [TEST_STEP][PASSED] - result = slurper.parseText(sourceId.getResponseBodyContent()): null

2023-05-30 18:47:27 - [TEST_STEP][PASSED] - sourceIdValue = id: null

2023-05-30 18:47:27 - [TEST_STEP][PASSED] - println("..value extracted is :" + sourceIdValue): null

2023-05-30 18:47:27 - [TEST_STEP][PASSED] - vendorId = sendRequestAndVerify(findTestObject("RestWebservices/Create Vendor")): Send request and verify the response successfully

2023-05-30 18:47:29 - [MESSAGE][INFO] - HAR: C:\Users\ymane\git\KatalonAPI\Reports\20230530_184720\Scripts\20230530_184720\requests\main\2.har

2023-05-30 18:47:29 - [TEST_CASE][PASSED] - Start Test Case : Verification: Verification accomplished successfully

2023-05-30 18:47:29 - [TEST_STEP][PASSED] - request = getInstance().getCurrentRequest(): null

2023-05-30 18:47:29 - [TEST_STEP][PASSED] - response = getInstance().getCurrentResponse(): null

2023-05-30 18:47:29 - [TEST_STEP][PASSED] - verifyResponseStatusCode(response, 200): Verify response status code successfully

2023-05-30 18:47:29 - [MESSAGE][PASSED] - Verify response status code successfully

2023-05-30 18:47:29 - [TEST_STEP][PASSED] - getStatusCode()).isEqualTo(200): null

2023-05-30 18:47:29 - [MESSAGE][PASSED] - Verify response successfully

2023-05-30 18:47:29 - [MESSAGE][PASSED] - All validation steps have been passed

2023-05-30 18:47:29 - [MESSAGE][PASSED] - Send request and verify the response successfully

2023-05-30 18:47:29 - [TEST_STEP][PASSED] - slurper = new groovy.json.JsonSlurper(): null

2023-05-30 18:47:29 - [TEST_STEP][PASSED] - result = slurper.parseText(vendorId.getResponseBodyContent()): null

2023-05-30 18:47:29 - [TEST_STEP][PASSED] - VendorIdValue = id: null

2023-05-30 18:47:29 - [TEST_STEP][PASSED] - println("..value extracted is :" + VendorIdValue): null

2023-05-30 18:47:29 - [TEST_STEP][PASSED] - sendRequestAndVerify(findTestObject("RestWebservices/Create Vendor Account", ["vendorId":VendorIdValue])): Send request and verify the response successfully

2023-05-30 18:47:31 - [MESSAGE][INFO] - HAR: C:\Users\ymane\git\KatalonAPI\Reports\20230530_184720\Scripts\20230530_184720\requests\main\3.har

2023-05-30 18:47:31 - [TEST_CASE][PASSED] - Start Test Case : Verification: Verification accomplished successfully

2023-05-30 18:47:31 - [TEST_STEP][PASSED] - request = getInstance().getCurrentRequest(): null

2023-05-30 18:47:31 - [TEST_STEP][PASSED] - response = getInstance().getCurrentResponse(): null

2023-05-30 18:47:31 - [TEST_STEP][PASSED] - verifyResponseStatusCode(response, 200): Verify response status code successfully

2023-05-30 18:47:31 - [MESSAGE][PASSED] - Verify response status code successfully

2023-05-30 18:47:31 - [TEST_STEP][PASSED] - getStatusCode()).isEqualTo(200): null

2023-05-30 18:47:31 - [MESSAGE][PASSED] - Verify response successfully

2023-05-30 18:47:31 - [MESSAGE][PASSED] - All validation steps have been passed

2023-05-30 18:47:31 - [MESSAGE][PASSED] - Send request and verify the response successfully

2023-05-30 18:47:31 - [TEST_STEP][PASSED] - sendRequestAndVerify(findTestObject("RestWebservices/Create Payment Virtual", ["vendorId":VendorIdValue, "sourceId":sourceIdValue])): Send request and verify the response successfully

2023-05-30 18:47:33 - [MESSAGE][INFO] - HAR: C:\Users\ymane\git\KatalonAPI\Reports\20230530_184720\Scripts\20230530_184720\requests\main\4.har

2023-05-30 18:47:33 - [TEST_CASE][PASSED] - Start Test Case : Verification: Verification accomplished successfully

2023-05-30 18:47:33 - [TEST_STEP][PASSED] - request = getInstance().getCurrentRequest(): null

2023-05-30 18:47:33 - [TEST_STEP][PASSED] - response = getInstance().getCurrentResponse(): null

2023-05-30 18:47:33 - [MESSAGE][PASSED] - Verify response successfully

2023-05-30 18:47:33 - [MESSAGE][PASSED] - All validation steps have been passed

2023-05-30 18:47:33 - [MESSAGE][PASSED] - Send request and verify the response successfully

2023-05-30 18:47:33 - [MESSAGE][PASSED] - Call Test Case 'Test Cases/BillPaymentProcess' successfully]]></system-out>
         <system-err><![CDATA[]]></system-err>
      </testcase>
      <system-out><![CDATA[2023-05-30 18:47:21 - [TEST_SUITE][PASSED] - Scripts: Test Cases/script]]></system-out>
      <system-err><![CDATA[]]></system-err>
   </testsuite>
</testsuites>
